#
# A fatal error has been detected by the Java Runtime Environment:
#
#  SIGSEGV (0xb) at pc=0x00007fff8ec57097, pid=18414, tid=1287
#
# JRE version: Java(TM) SE Runtime Environment (7.0_51-b13) (build 1.7.0_51-b13)
# Java VM: Java HotSpot(TM) 64-Bit Server VM (24.51-b03 mixed mode bsd-amd64 compressed oops)
# Problematic frame:
# C  [libobjc.A.dylib+0x5097]  objc_msgSend+0x17
#
# Failed to write core dump. Core dumps have been disabled. To enable core dumping, try "ulimit -c unlimited" before starting Java again
#
# If you would like to submit a bug report, please visit:
#   http://bugreport.sun.com/bugreport/crash.jsp
# The crash happened outside the Java Virtual Machine in native code.
# See problematic frame for where to report the bug.
#

---------------  T H R E A D  ---------------

Current thread (0x00007ffdc2831000):  JavaThread "AppKit Thread" daemon [_thread_in_native, id=1287, stack(0x00007fff52248000,0x00007fff522c8000)]

siginfo:si_signo=SIGSEGV: si_errno=0, si_code=0 (SEGV0), si_addr=0x0000000000000000

Registers:
RAX=0x00007ffdc1c09680, RBX=0x00000000000f42e9, RCX=0x0000000000000000, RDX=0x00007ffdc1e5a0f0
RSP=0x00007fff522c3558, RBP=0x00007fff522c3560, RSI=0x00007fff9071eb9f, RDI=0x00007ffdc1c09680
R8 =0x0000000000000040, R9 =0x00007fff522c3500, R10=0x00007fff9071eb9f, R11=0xd00007ffdc1c53f5
R12=0x00000000000f42e9, R13=0x00007fff522c3728, R14=0x00007ffdc1e4f150, R15=0x00007fff522c3688
RIP=0x00007fff8ec57097, EFLAGS=0x0000000000010246, ERR=0x0000000000000000
  TRAPNO=0x000000000000000d

Top of Stack: (sp=0x00007fff522c3558)
0x00007fff522c3558:   00007fff8d23de0c 00007fff522c38c0
0x00007fff522c3568:   00007fff8d1318dd 0000000000000003
0x00007fff522c3578:   000000010d955e00 00007fff522c35c0
0x00007fff522c3588:   00007fff9080d272 0000000000000798
0x00007fff522c3598:   00000000000f42eb 0000000000000002
0x00007fff522c35a8:   00007ffdc1c54ba0 00007ffdc1c54520
0x00007fff522c35b8:   00007ffdc1c1fd70 00007ffdc1e5a0f0
0x00007fff522c35c8:   00007fff522c3680 0000000000000000
0x00007fff522c35d8:   00000000000f42e9 0000000000000051
0x00007fff522c35e8:   00007fff522c3700 0000000000000000
0x00007fff522c35f8:   0000000000000001 00007ffdc1c1fd60
0x00007fff522c3608:   000000000000004f 000000000015d835
0x00007fff522c3618:   0000010000000000 00007fff75e71a60
0x00007fff522c3628:   00002060005c96ea 00007fff522c3780
0x00007fff522c3638:   0000000000000000 00007fff522c3718
0x00007fff522c3648:   00007fff522c36f8 00007fff75e71a48
0x00007fff522c3658:   0000000000000000 0000000000000011
0x00007fff522c3668:   00007fff855c96ea 00007fff76c5ed38
0x00007fff522c3678:   0000000000000000 00007ffdc1c54c20
0x00007fff522c3688:   00007ffdc1e4f150 00007fff86f4ab08
0x00007fff522c3698:   0000000000000000 00007fff522c3760
0x00007fff522c36a8:   00007fff8d928dde 00007fff74d7f0d0
0x00007fff522c36b8:   0000000042000000 00007fff8d9311d1
0x00007fff522c36c8:   00007fff75e4db40 00007fff522c37c8
0x00007fff522c36d8:   00007fff522c36f8 00007fff522c3718
0x00007fff522c36e8:   0000000000000000 000000010d951001
0x00007fff522c36f8:   0000000000000000 000000000000004d
0x00007fff522c3708:   0000000000000000 00000000000f42e2
0x00007fff522c3718:   000000000000004f 0000000000000000
0x00007fff522c3728:   00000000000f42e9 00000001522c37d0
0x00007fff522c3738:   00007fff855ca261 00007fff768a0748
0x00007fff522c3748:   00007fff768a074c 000000007689c1b8 

Instructions: (pc=0x00007fff8ec57097)
0x00007fff8ec57077:   90 90 90 90 90 90 90 90 90 48 85 ff 2e 74 72 40
0x00007fff8ec57087:   f6 c7 01 2e 0f 85 7e 00 00 00 4c 8b 1f 49 89 f2
0x00007fff8ec57097:   45 23 53 18 49 c1 e2 04 4d 03 53 10 49 3b 32 75
0x00007fff8ec570a7:   04 41 ff 62 08 49 83 3a 00 74 74 4d 3b 53 10 74 

Register to memory mapping:

RAX=0x00007ffdc1c09680 is an unknown value
RBX=0x00000000000f42e9 is an unknown value
RCX=0x0000000000000000 is an unknown value
RDX=0x00007ffdc1e5a0f0 is an unknown value
RSP=0x00007fff522c3558 is pointing into the stack for thread: 0x00007ffdc2831000
RBP=0x00007fff522c3560 is pointing into the stack for thread: 0x00007ffdc2831000
RSI=0x00007fff9071eb9f: NSAppKitVersionNumber+0x5358f in /System/Library/Frameworks/AppKit.framework/Versions/C/AppKit at 0x00007fff8fc7b000
RDI=0x00007ffdc1c09680 is an unknown value
R8 =0x0000000000000040 is an unknown value
R9 =0x00007fff522c3500 is pointing into the stack for thread: 0x00007ffdc2831000
R10=0x00007fff9071eb9f: NSAppKitVersionNumber+0x5358f in /System/Library/Frameworks/AppKit.framework/Versions/C/AppKit at 0x00007fff8fc7b000
R11=0xd00007ffdc1c53f5 is an unknown value
R12=0x00000000000f42e9 is an unknown value
R13=0x00007fff522c3728 is pointing into the stack for thread: 0x00007ffdc2831000
R14=0x00007ffdc1e4f150 is an unknown value
R15=0x00007fff522c3688 is pointing into the stack for thread: 0x00007ffdc2831000


Stack: [0x00007fff52248000,0x00007fff522c8000],  sp=0x00007fff522c3558,  free space=493k
Native frames: (J=compiled Java code, j=interpreted, Vv=VM code, C=native code)
C  [libobjc.A.dylib+0x5097]  objc_msgSend+0x17
C  [CoreFoundation+0x108dd]  _CFXNotificationPost+0xb4d
C  [Foundation+0x27ba]  -[NSNotificationCenter postNotificationName:object:userInfo:]+0x44
C  [AppKit+0x10f5c9]  -[NSSurface _disposeSurface]+0x98
C  [AppKit+0x10f065]  -[NSSurface setWindow:]+0x46
C  [AppKit+0x3af47]  -[NSView _setWindow:]+0x8ea
C  [AppKit+0x3bf9a]  -[NSView removeFromSuperview]+0x15e
C  [AppKit+0x98709]  -[NSView removeFromSuperviewWithoutNeedingDisplay]+0x26
C  [liblwjgl.jnilib+0x936e]  +[MacOSXKeyableWindow destroyWindow]+0xde
C  [Foundation+0x6313e]  __NSThreadPerformPerform+0xe5
C  [CoreFoundation+0x7f661]  __CFRUNLOOP_IS_CALLING_OUT_TO_A_SOURCE0_PERFORM_FUNCTION__+0x11
C  [CoreFoundation+0x70d12]  __CFRunLoopDoSources0+0xf2
C  [CoreFoundation+0x7049f]  __CFRunLoopRun+0x33f
C  [CoreFoundation+0x6ff25]  CFRunLoopRunSpecific+0x135
C  [HIToolbox+0x2ea0d]  RunCurrentEventLoopInMode+0xe2
C  [HIToolbox+0x2e7b7]  ReceiveNextEventCommon+0x1df
C  [HIToolbox+0x2e5bc]  _BlockUntilNextEventMatchingListInModeWithFilter+0x41
C  [AppKit+0x2426e]  _DPSNextEvent+0x59a
C  [AppKit+0x238bb]  -[NSApplication nextEventMatchingMask:untilDate:inMode:dequeue:]+0x7a
C  [libosxapp.dylib+0x16f4]  -[NSApplicationAWT nextEventMatchingMask:untilDate:inMode:dequeue:]+0x7c
C  [AppKit+0x179bc]  -[NSApplication run]+0x229
C  [libosxapp.dylib+0x1557]  +[NSApplicationAWT runAWTLoopWithApp:]+0x9c
C  [liblwawt.dylib+0xdba9]  -[AWTStarter starter:]+0x369
C  [Foundation+0x6313e]  __NSThreadPerformPerform+0xe5
C  [CoreFoundation+0x7f661]  __CFRUNLOOP_IS_CALLING_OUT_TO_A_SOURCE0_PERFORM_FUNCTION__+0x11
C  [CoreFoundation+0x70d12]  __CFRunLoopDoSources0+0xf2
C  [CoreFoundation+0x7049f]  __CFRunLoopRun+0x33f
C  [CoreFoundation+0x6ff25]  CFRunLoopRunSpecific+0x135
C  [java+0x73b0]  CreateExecutionEnvironment+0x367
C  [java+0x1b5c]  JLI_Launch+0x7a0
C  [java+0x770d]  main+0x65
C  [java+0x13b4]  start+0x34


---------------  P R O C E S S  ---------------

Java Threads: ( => current thread )
  0x00007ffdc387f800 JavaThread "AWT-Shutdown" [_thread_blocked, id=26391, stack(0x000000011a78f000,0x000000011a88f000)]
  0x00007ffdc28a4800 JavaThread "DestroyJavaVM" [_thread_blocked, id=6403, stack(0x000000010e4a0000,0x000000010e5a0000)]
  0x00007ffdc216e000 JavaThread "LWJGL Application" [_thread_in_native, id=64259, stack(0x000000011d671000,0x000000011d771000)]
=>0x00007ffdc2831000 JavaThread "AppKit Thread" daemon [_thread_in_native, id=1287, stack(0x00007fff52248000,0x00007fff522c8000)]
  0x00007ffdc280c000 JavaThread "Service Thread" daemon [_thread_blocked, id=19203, stack(0x0000000118ab7000,0x0000000118bb7000)]
  0x00007ffdc3027800 JavaThread "C2 CompilerThread1" daemon [_thread_blocked, id=18691, stack(0x00000001189b4000,0x0000000118ab4000)]
  0x00007ffdc3001000 JavaThread "C2 CompilerThread0" daemon [_thread_blocked, id=18179, stack(0x00000001188b1000,0x00000001189b1000)]
  0x00007ffdc3024800 JavaThread "Signal Dispatcher" daemon [_thread_blocked, id=17667, stack(0x00000001187ae000,0x00000001188ae000)]
  0x00007ffdc201e000 JavaThread "Finalizer" daemon [_thread_blocked, id=12547, stack(0x000000011856a000,0x000000011866a000)]
  0x00007ffdc201b800 JavaThread "Reference Handler" daemon [_thread_blocked, id=12035, stack(0x0000000118467000,0x0000000118567000)]

Other Threads:
  0x00007ffdc301c000 VMThread [stack: 0x0000000118364000,0x0000000118464000] [id=11523]
  0x00007ffdc3038000 WatcherThread [stack: 0x0000000118bba000,0x0000000118cba000] [id=19715]

VM state:not at safepoint (normal execution)

VM Mutex/Monitor currently owned by a thread: None

Heap
 PSYoungGen      total 38912K, used 14745K [0x00000007d5500000, 0x00000007d8000000, 0x0000000800000000)
  eden space 33792K, 43% used [0x00000007d5500000,0x00000007d6366778,0x00000007d7600000)
  from space 5120K, 0% used [0x00000007d7b00000,0x00000007d7b00000,0x00000007d8000000)
  to   space 5120K, 0% used [0x00000007d7600000,0x00000007d7600000,0x00000007d7b00000)
 ParOldGen       total 87040K, used 0K [0x0000000780000000, 0x0000000785500000, 0x00000007d5500000)
  object space 87040K, 0% used [0x0000000780000000,0x0000000780000000,0x0000000785500000)
 PSPermGen       total 21504K, used 6433K [0x000000077ae00000, 0x000000077c300000, 0x0000000780000000)
  object space 21504K, 29% used [0x000000077ae00000,0x000000077b4485f0,0x000000077c300000)

Card table byte_map: [0x0000000111ec0000,0x00000001122ea000] byte_map_base: 0x000000010e2e9000

Polling page: 0x000000010e5df000

Code Cache  [0x000000010ee00000, 0x000000010f070000, 0x0000000111e00000)
 total_blobs=394 nmethods=50 adapters=299 free_code_cache=48614Kb largest_free_block=49762368

Compilation events (10 events):
Event: 2.905 Thread 0x00007ffdc3001000 nmethod 45 0x000000010ee82810 code [0x000000010ee82940, 0x000000010ee829b8]
Event: 2.905 Thread 0x00007ffdc3027800 nmethod 44 0x000000010ee825d0 code [0x000000010ee82700, 0x000000010ee82778]
Event: 3.171 Thread 0x00007ffdc3001000   47             com.badlogic.gdx.backends.lwjgl.LwjglGraphics::isGL20Available (13 bytes)
Event: 3.172 Thread 0x00007ffdc3001000 nmethod 47 0x000000010ee82390 code [0x000000010ee824c0, 0x000000010ee82538]
Event: 3.371 Thread 0x00007ffdc3027800   48             com.badlogic.gdx.graphics.glutils.VertexArray::bind (342 bytes)
Event: 3.371 Thread 0x00007ffdc3001000   49             com.badlogic.gdx.graphics.glutils.VertexArray::unbind (158 bytes)
Event: 3.379 Thread 0x00007ffdc3001000 nmethod 49 0x000000010ee87a50 code [0x000000010ee87c40, 0x000000010ee883a8]
Event: 3.384 Thread 0x00007ffdc3027800 nmethod 48 0x000000010ee88e50 code [0x000000010ee890e0, 0x000000010ee89c00]
Event: 3.787 Thread 0x00007ffdc3001000   50             com.badlogic.gdx.math.Vector3::set (17 bytes)
Event: 3.787 Thread 0x00007ffdc3001000 nmethod 50 0x000000010ee82110 code [0x000000010ee82240, 0x000000010ee822b8]

GC Heap History (0 events):
No events

Deoptimization events (1 events):
Event: 0.683 Thread 0x00007ffdc216e000 Uncommon trap: reason=unloaded action=reinterpret pc=0x000000010ee81124 method=com.badlogic.gdx.graphics.g2d.freetype.FreeTypeFontGenerator.generateData(ILjava/lang/String;ZLcom/badlogic/gdx/graphics/g2d/PixmapPacker;)Lcom/badlogic/gdx/graphics/g2d/freety

Internal exceptions (10 events):
Event: 0.733 Thread 0x00007ffdc216e000 Threw 0x00000007d619b1e8 at /HUDSON/workspace/7u-2-build-macosx-x86_64/jdk7u51/527/hotspot/src/share/vm/prims/jvm.cpp:1244
Event: 0.735 Thread 0x00007ffdc216e000 Threw 0x00000007d61afc20 at /HUDSON/workspace/7u-2-build-macosx-x86_64/jdk7u51/527/hotspot/src/share/vm/prims/jvm.cpp:1244
Event: 0.735 Thread 0x00007ffdc216e000 Threw 0x00000007d61b55d8 at /HUDSON/workspace/7u-2-build-macosx-x86_64/jdk7u51/527/hotspot/src/share/vm/prims/jvm.cpp:1244
Event: 0.737 Thread 0x00007ffdc216e000 Threw 0x00000007d61bd8b8 at /HUDSON/workspace/7u-2-build-macosx-x86_64/jdk7u51/527/hotspot/src/share/vm/prims/jvm.cpp:1244
Event: 0.743 Thread 0x00007ffdc216e000 Threw 0x00000007d61c3410 at /HUDSON/workspace/7u-2-build-macosx-x86_64/jdk7u51/527/hotspot/src/share/vm/prims/jvm.cpp:1244
Event: 0.749 Thread 0x00007ffdc216e000 Threw 0x00000007d61d1570 at /HUDSON/workspace/7u-2-build-macosx-x86_64/jdk7u51/527/hotspot/src/share/vm/prims/jvm.cpp:1244
Event: 0.750 Thread 0x00007ffdc216e000 Threw 0x00000007d61d6d18 at /HUDSON/workspace/7u-2-build-macosx-x86_64/jdk7u51/527/hotspot/src/share/vm/prims/jvm.cpp:1244
Event: 2.889 Thread 0x00007ffdc216e000 Threw 0x00000007d62bdbe0 at /HUDSON/workspace/7u-2-build-macosx-x86_64/jdk7u51/527/hotspot/src/share/vm/prims/jvm.cpp:1244
Event: 3.870 Thread 0x00007ffdc216e000 Threw 0x00000007d62dda00 at /HUDSON/workspace/7u-2-build-macosx-x86_64/jdk7u51/527/hotspot/src/share/vm/prims/jvm.cpp:1244
Event: 3.875 Thread 0x00007ffdc216e000 Threw 0x00000007d62e3018 at /HUDSON/workspace/7u-2-build-macosx-x86_64/jdk7u51/527/hotspot/src/share/vm/prims/jvm.cpp:1244

Events (10 events):
Event: 1.942 loading class 0x00000001171073e0
Event: 1.942 loading class 0x00000001171073e0 done
Event: 1.942 Thread 0x00007ffdc285a000 Thread exited: 0x00007ffdc285a000
Event: 2.026 Thread 0x00007ffdc387f800 Thread added: 0x00007ffdc387f800
Event: 2.888 loading class 0x00007ffdc1e346d0
Event: 2.888 loading class 0x00007ffdc1e346d0 done
Event: 3.870 loading class 0x00007ffdc1c27f00
Event: 3.870 loading class 0x00007ffdc1c27f00 done
Event: 3.875 loading class 0x00007ffdc1c52590
Event: 3.875 loading class 0x00007ffdc1c52590 done


Dynamic libraries:
0x00000000047b7000 	/System/Library/Frameworks/Cocoa.framework/Versions/A/Cocoa
0x00000000047b7000 	/System/Library/Frameworks/Security.framework/Versions/A/Security
0x00000000047b7000 	/System/Library/Frameworks/ApplicationServices.framework/Versions/A/ApplicationServices
0x00000000047b7000 	/usr/lib/libz.1.dylib
0x00000000047b7000 	/usr/lib/libSystem.B.dylib
0x00000000047b7000 	/usr/lib/libobjc.A.dylib
0x00000000047b7000 	/System/Library/Frameworks/CoreFoundation.framework/Versions/A/CoreFoundation
0x00000000047b7000 	/System/Library/Frameworks/Foundation.framework/Versions/C/Foundation
0x00000000047b7000 	/System/Library/Frameworks/AppKit.framework/Versions/C/AppKit
0x00000000047b7000 	/System/Library/Frameworks/CoreData.framework/Versions/A/CoreData
0x00000000047b7000 	/System/Library/PrivateFrameworks/RemoteViewServices.framework/Versions/A/RemoteViewServices
0x00000000047b7000 	/System/Library/Frameworks/AudioToolbox.framework/Versions/A/AudioToolbox
0x00000000047b7000 	/System/Library/Frameworks/AudioUnit.framework/Versions/A/AudioUnit
0x00000000047b7000 	/System/Library/PrivateFrameworks/DataDetectorsCore.framework/Versions/A/DataDetectorsCore
0x00000000047b7000 	/System/Library/PrivateFrameworks/DesktopServicesPriv.framework/Versions/A/DesktopServicesPriv
0x00000000047b7000 	/System/Library/Frameworks/Carbon.framework/Versions/A/Frameworks/HIToolbox.framework/Versions/A/HIToolbox
0x00000000047b7000 	/System/Library/Frameworks/QuartzCore.framework/Versions/A/QuartzCore
0x00000000047b7000 	/System/Library/Frameworks/Carbon.framework/Versions/A/Frameworks/SpeechRecognition.framework/Versions/A/SpeechRecognition
0x00000000047b7000 	/usr/lib/libauto.dylib
0x00000000047b7000 	/usr/lib/libicucore.A.dylib
0x00000000047b7000 	/usr/lib/libxml2.2.dylib
0x00000000047b7000 	/System/Library/PrivateFrameworks/CoreUI.framework/Versions/A/CoreUI
0x00000000047b7000 	/System/Library/Frameworks/CoreAudio.framework/Versions/A/CoreAudio
0x00000000047b7000 	/System/Library/Frameworks/DiskArbitration.framework/Versions/A/DiskArbitration
0x00000000047b7000 	/usr/lib/liblangid.dylib
0x00000000047b7000 	/System/Library/PrivateFrameworks/MultitouchSupport.framework/Versions/A/MultitouchSupport
0x00000000047b7000 	/System/Library/Frameworks/IOKit.framework/Versions/A/IOKit
0x00000000047b7000 	/usr/lib/libDiagnosticMessagesClient.dylib
0x00000000047b7000 	/System/Library/Frameworks/CoreServices.framework/Versions/A/CoreServices
0x00000000047b7000 	/System/Library/PrivateFrameworks/PerformanceAnalysis.framework/Versions/A/PerformanceAnalysis
0x00000000047b7000 	/System/Library/PrivateFrameworks/GenerationalStorage.framework/Versions/A/GenerationalStorage
0x00000000047b7000 	/System/Library/Frameworks/OpenGL.framework/Versions/A/OpenGL
0x00000000047b7000 	/System/Library/PrivateFrameworks/Sharing.framework/Versions/A/Sharing
0x00000000047b7000 	/System/Library/Frameworks/ImageIO.framework/Versions/A/ImageIO
0x00000000047b7000 	/System/Library/Frameworks/CoreText.framework/Versions/A/CoreText
0x00000000047b7000 	/System/Library/Frameworks/CoreGraphics.framework/Versions/A/CoreGraphics
0x00000000047b7000 	/System/Library/PrivateFrameworks/Backup.framework/Versions/A/Backup
0x00000000047b7000 	/System/Library/Frameworks/CFNetwork.framework/Versions/A/CFNetwork
0x00000000047b7000 	/System/Library/Frameworks/SystemConfiguration.framework/Versions/A/SystemConfiguration
0x00000000047b7000 	/usr/lib/libCRFSuite.dylib
0x00000000047b7000 	/usr/lib/libc++.1.dylib
0x00000000047b7000 	/usr/lib/libc++abi.dylib
0x00000000047b7000 	/usr/lib/system/libcache.dylib
0x00000000047b7000 	/usr/lib/system/libcommonCrypto.dylib
0x00000000047b7000 	/usr/lib/system/libcompiler_rt.dylib
0x00000000047b7000 	/usr/lib/system/libcopyfile.dylib
0x00000000047b7000 	/usr/lib/system/libcorecrypto.dylib
0x00000000047b7000 	/usr/lib/system/libdispatch.dylib
0x00000000047b7000 	/usr/lib/system/libdyld.dylib
0x00000000047b7000 	/usr/lib/system/libkeymgr.dylib
0x00000000047b7000 	/usr/lib/system/liblaunch.dylib
0x00000000047b7000 	/usr/lib/system/libmacho.dylib
0x00000000047b7000 	/usr/lib/system/libquarantine.dylib
0x00000000047b7000 	/usr/lib/system/libremovefile.dylib
0x00000000047b7000 	/usr/lib/system/libsystem_asl.dylib
0x00000000047b7000 	/usr/lib/system/libsystem_blocks.dylib
0x00000000047b7000 	/usr/lib/system/libsystem_c.dylib
0x00000000047b7000 	/usr/lib/system/libsystem_configuration.dylib
0x00000000047b7000 	/usr/lib/system/libsystem_dnssd.dylib
0x00000000047b7000 	/usr/lib/system/libsystem_info.dylib
0x00000000047b7000 	/usr/lib/system/libsystem_kernel.dylib
0x00000000047b7000 	/usr/lib/system/libsystem_m.dylib
0x00000000047b7000 	/usr/lib/system/libsystem_malloc.dylib
0x00000000047b7000 	/usr/lib/system/libsystem_network.dylib
0x00000000047b7000 	/usr/lib/system/libsystem_notify.dylib
0x00000000047b7000 	/usr/lib/system/libsystem_platform.dylib
0x00000000047b7000 	/usr/lib/system/libsystem_pthread.dylib
0x00000000047b7000 	/usr/lib/system/libsystem_sandbox.dylib
0x00000000047b7000 	/usr/lib/system/libsystem_stats.dylib
0x00000000047b7000 	/usr/lib/system/libunc.dylib
0x00000000047b7000 	/usr/lib/system/libunwind.dylib
0x00000000047b7000 	/usr/lib/system/libxpc.dylib
0x00000000047b7000 	/usr/lib/libbsm.0.dylib
0x00000000047b7000 	/usr/lib/libsqlite3.dylib
0x00000000047b7000 	/usr/lib/libxar.1.dylib
0x00000000047b7000 	/usr/lib/libpam.2.dylib
0x00000000047b7000 	/usr/lib/libOpenScriptingUtil.dylib
0x00000000047b7000 	/usr/lib/libbz2.1.0.dylib
0x00000000047b7000 	/System/Library/Frameworks/CoreServices.framework/Versions/A/Frameworks/CarbonCore.framework/Versions/A/CarbonCore
0x00000000047b7000 	/System/Library/Frameworks/CoreServices.framework/Versions/A/Frameworks/Metadata.framework/Versions/A/Metadata
0x00000000047b7000 	/System/Library/Frameworks/CoreServices.framework/Versions/A/Frameworks/OSServices.framework/Versions/A/OSServices
0x00000000047b7000 	/System/Library/Frameworks/CoreServices.framework/Versions/A/Frameworks/SearchKit.framework/Versions/A/SearchKit
0x00000000047b7000 	/System/Library/Frameworks/CoreServices.framework/Versions/A/Frameworks/AE.framework/Versions/A/AE
0x00000000047b7000 	/System/Library/Frameworks/CoreServices.framework/Versions/A/Frameworks/LaunchServices.framework/Versions/A/LaunchServices
0x00000000047b7000 	/System/Library/Frameworks/CoreServices.framework/Versions/A/Frameworks/DictionaryServices.framework/Versions/A/DictionaryServices
0x00000000047b7000 	/System/Library/Frameworks/NetFS.framework/Versions/A/NetFS
0x00000000047b7000 	/usr/lib/system/libkxld.dylib
0x00000000047b7000 	/System/Library/PrivateFrameworks/NetAuth.framework/Versions/A/NetAuth
0x00000000047b7000 	/System/Library/PrivateFrameworks/TCC.framework/Versions/A/TCC
0x00000000047b7000 	/System/Library/Frameworks/OpenDirectory.framework/Versions/A/Frameworks/CFOpenDirectory.framework/Versions/A/CFOpenDirectory
0x00000000047b7000 	/System/Library/Frameworks/ServiceManagement.framework/Versions/A/ServiceManagement
0x00000000047b7000 	/usr/lib/libxslt.1.dylib
0x00000000047b7000 	/System/Library/Frameworks/Carbon.framework/Versions/A/Frameworks/Ink.framework/Versions/A/Ink
0x00000000047b7000 	/System/Library/Frameworks/ApplicationServices.framework/Versions/A/Frameworks/ATS.framework/Versions/A/ATS
0x00000000047b7000 	/System/Library/Frameworks/ApplicationServices.framework/Versions/A/Frameworks/ColorSync.framework/Versions/A/ColorSync
0x00000000047b7000 	/System/Library/Frameworks/ApplicationServices.framework/Versions/A/Frameworks/HIServices.framework/Versions/A/HIServices
0x00000000047b7000 	/System/Library/Frameworks/ApplicationServices.framework/Versions/A/Frameworks/LangAnalysis.framework/Versions/A/LangAnalysis
0x00000000047b7000 	/System/Library/Frameworks/ApplicationServices.framework/Versions/A/Frameworks/PrintCore.framework/Versions/A/PrintCore
0x00000000047b7000 	/System/Library/Frameworks/ApplicationServices.framework/Versions/A/Frameworks/QD.framework/Versions/A/QD
0x00000000047b7000 	/System/Library/Frameworks/ApplicationServices.framework/Versions/A/Frameworks/SpeechSynthesis.framework/Versions/A/SpeechSynthesis
0x00000000047b7000 	/System/Library/Frameworks/IOSurface.framework/Versions/A/IOSurface
0x00000000047b7000 	/System/Library/Frameworks/Accelerate.framework/Versions/A/Accelerate
0x00000000047b7000 	/System/Library/Frameworks/Accelerate.framework/Versions/A/Frameworks/vImage.framework/Versions/A/vImage
0x00000000047b7000 	/System/Library/Frameworks/Accelerate.framework/Versions/A/Frameworks/vecLib.framework/Versions/A/vecLib
0x00000000047b7000 	/System/Library/Frameworks/Accelerate.framework/Versions/A/Frameworks/vecLib.framework/Versions/A/libvDSP.dylib
0x00000000047b7000 	/System/Library/Frameworks/Accelerate.framework/Versions/A/Frameworks/vecLib.framework/Versions/A/libvMisc.dylib
0x00000000047b7000 	/System/Library/Frameworks/Accelerate.framework/Versions/A/Frameworks/vecLib.framework/Versions/A/libLAPACK.dylib
0x00000000047b7000 	/System/Library/Frameworks/Accelerate.framework/Versions/A/Frameworks/vecLib.framework/Versions/A/libBLAS.dylib
0x00000000047b7000 	/System/Library/Frameworks/ApplicationServices.framework/Versions/A/Frameworks/ATS.framework/Versions/A/Resources/libFontParser.dylib
0x00000000047b7000 	/System/Library/Frameworks/ApplicationServices.framework/Versions/A/Frameworks/ATS.framework/Versions/A/Resources/libFontRegistry.dylib
0x00000000047b7000 	/System/Library/Frameworks/ImageIO.framework/Versions/A/Resources/libJPEG.dylib
0x00000000047b7000 	/System/Library/Frameworks/ImageIO.framework/Versions/A/Resources/libTIFF.dylib
0x00000000047b7000 	/System/Library/Frameworks/ImageIO.framework/Versions/A/Resources/libPng.dylib
0x00000000047b7000 	/System/Library/Frameworks/ImageIO.framework/Versions/A/Resources/libGIF.dylib
0x00000000047b7000 	/System/Library/Frameworks/ImageIO.framework/Versions/A/Resources/libJP2.dylib
0x00000000047b7000 	/System/Library/Frameworks/ImageIO.framework/Versions/A/Resources/libRadiance.dylib
0x00000000047b7000 	/usr/lib/libcups.2.dylib
0x00000000047b7000 	/System/Library/Frameworks/Kerberos.framework/Versions/A/Kerberos
0x00000000047b7000 	/System/Library/Frameworks/GSS.framework/Versions/A/GSS
0x00000000047b7000 	/usr/lib/libresolv.9.dylib
0x00000000047b7000 	/usr/lib/libiconv.2.dylib
0x00000000047b7000 	/System/Library/PrivateFrameworks/Heimdal.framework/Versions/A/Heimdal
0x00000000047b7000 	/System/Library/PrivateFrameworks/TrustEvaluationAgent.framework/Versions/A/TrustEvaluationAgent
0x00000000047b7000 	/usr/lib/libheimdal-asn1.dylib
0x00000000047b7000 	/System/Library/Frameworks/OpenDirectory.framework/Versions/A/OpenDirectory
0x00000000047b7000 	/System/Library/PrivateFrameworks/CommonAuth.framework/Versions/A/CommonAuth
0x00000000047b7000 	/System/Library/Frameworks/SecurityFoundation.framework/Versions/A/SecurityFoundation
0x00000000047b7000 	/System/Library/PrivateFrameworks/Bom.framework/Versions/A/Bom
0x00000000047b7000 	/System/Library/Frameworks/CoreVideo.framework/Versions/A/CoreVideo
0x00000000047b7000 	/System/Library/Frameworks/QuartzCore.framework/Versions/A/Frameworks/CoreImage.framework/Versions/A/CoreImage
0x00000000047b7000 	/System/Library/Frameworks/QuartzCore.framework/Versions/A/Frameworks/ScalableUserInterface.framework/Versions/A/ScalableUserInterface
0x00000000047b7000 	/System/Library/Frameworks/OpenGL.framework/Versions/A/Libraries/libGLU.dylib
0x00000000047b7000 	/System/Library/Frameworks/OpenGL.framework/Versions/A/Libraries/libGFXShared.dylib
0x00000000047b7000 	/System/Library/Frameworks/OpenGL.framework/Versions/A/Libraries/libGL.dylib
0x00000000047b7000 	/System/Library/Frameworks/OpenGL.framework/Versions/A/Libraries/libGLImage.dylib
0x00000000047b7000 	/System/Library/Frameworks/OpenGL.framework/Versions/A/Libraries/libCVMSPluginSupport.dylib
0x00000000047b7000 	/System/Library/Frameworks/OpenGL.framework/Versions/A/Libraries/libCoreVMClient.dylib
0x00000000047b7000 	/System/Library/PrivateFrameworks/FaceCore.framework/Versions/A/FaceCore
0x00000000047b7000 	/System/Library/PrivateFrameworks/CrashReporterSupport.framework/Versions/A/CrashReporterSupport
0x00000000047b7000 	/System/Library/Frameworks/OpenCL.framework/Versions/A/OpenCL
0x00000000047b7000 	/System/Library/PrivateFrameworks/AppleFSCompression.framework/Versions/A/AppleFSCompression
0x00000000047b7000 	/System/Library/PrivateFrameworks/Ubiquity.framework/Versions/A/Ubiquity
0x00000000047b7000 	/System/Library/PrivateFrameworks/IconServices.framework/Versions/A/IconServices
0x00000000047b7000 	/System/Library/PrivateFrameworks/ChunkingLibrary.framework/Versions/A/ChunkingLibrary
0x00000000047b7000 	/System/Library/PrivateFrameworks/CoreSymbolication.framework/Versions/A/CoreSymbolication
0x00000000047b7000 	/System/Library/PrivateFrameworks/Symbolication.framework/Versions/A/Symbolication
0x00000000047b7000 	/System/Library/PrivateFrameworks/DebugSymbols.framework/Versions/A/DebugSymbols
0x000000010da36000 	/Library/Java/JavaVirtualMachines/jdk1.7.0_51.jdk/Contents/Home/jre/lib/server/libjvm.dylib
0x00000000047b7000 	/usr/lib/libstdc++.6.dylib
0x000000010e5a2000 	/Library/Java/JavaVirtualMachines/jdk1.7.0_51.jdk/Contents/Home/jre/lib/libverify.dylib
0x000000010e5af000 	/Library/Java/JavaVirtualMachines/jdk1.7.0_51.jdk/Contents/Home/jre/lib/libjava.dylib
0x000000010e5e9000 	/Library/Java/JavaVirtualMachines/jdk1.7.0_51.jdk/Contents/Home/jre/lib/libzip.dylib
0x000000011866c000 	/System/Library/Frameworks/JavaVM.framework/Frameworks/JavaRuntimeSupport.framework/JavaRuntimeSupport
0x0000000118684000 	/System/Library/Frameworks/JavaVM.framework/Versions/A/Frameworks/JavaNativeFoundation.framework/Versions/A/JavaNativeFoundation
0x000000010e5f3000 	/System/Library/Frameworks/JavaVM.framework/Versions/A/JavaVM
0x00000000047b7000 	/System/Library/Frameworks/Carbon.framework/Versions/A/Carbon
0x0000000118699000 	/System/Library/PrivateFrameworks/JavaLaunching.framework/Versions/A/JavaLaunching
0x00000000047b7000 	/System/Library/Frameworks/Carbon.framework/Versions/A/Frameworks/CommonPanels.framework/Versions/A/CommonPanels
0x00000000047b7000 	/System/Library/Frameworks/Carbon.framework/Versions/A/Frameworks/Help.framework/Versions/A/Help
0x00000000047b7000 	/System/Library/Frameworks/Carbon.framework/Versions/A/Frameworks/ImageCapture.framework/Versions/A/ImageCapture
0x00000000047b7000 	/System/Library/Frameworks/Carbon.framework/Versions/A/Frameworks/OpenScripting.framework/Versions/A/OpenScripting
0x00000000047b7000 	/System/Library/Frameworks/Carbon.framework/Versions/A/Frameworks/Print.framework/Versions/A/Print
0x00000000047b7000 	/System/Library/Frameworks/Carbon.framework/Versions/A/Frameworks/SecurityHI.framework/Versions/A/SecurityHI
0x0000000118d34000 	/private/var/folders/r0/c0st554s77z_98v0dsqbcgj40000gn/T/libgdxFrank/92bf976d/libgdx.dylib
0x0000000118dba000 	/Library/Java/JavaVirtualMachines/jdk1.7.0_51.jdk/Contents/Home/jre/lib/libawt.dylib
0x0000000118e69000 	/Library/Java/JavaVirtualMachines/jdk1.7.0_51.jdk/Contents/Home/jre/lib/./libmlib_image.dylib
0x0000000118f35000 	/Library/Java/JavaVirtualMachines/jdk1.7.0_51.jdk/Contents/Home/jre/lib/lwawt/liblwawt.dylib
0x0000000118fe9000 	/Library/Java/JavaVirtualMachines/jdk1.7.0_51.jdk/Contents/Home/jre/lib/libosxapp.dylib
0x00000000047b7000 	/System/Library/Frameworks/ExceptionHandling.framework/Versions/A/ExceptionHandling
0x00000000047b7000 	/System/Library/PrivateFrameworks/CoreServicesInternal.framework/Versions/A/CoreServicesInternal
0x00000000047b7000 	/System/Library/PrivateFrameworks/Librarian.framework/Versions/A/Librarian
0x000000011a892000 	/System/Library/Frameworks/CoreGraphics.framework/Versions/A/Resources/libCGCMS.A.dylib
0x000000011a9a4000 	/System/Library/Frameworks/CoreGraphics.framework/Versions/A/Resources/libRIP.A.dylib
0x000000011a9f4000 	/System/Library/Frameworks/CoreGraphics.framework/Versions/A/Resources/libCGXType.A.dylib
0x00000000047b7000 	/System/Library/PrivateFrameworks/FamilyControls.framework/Versions/A/FamilyControls
0x00000000047b7000 	/System/Library/PrivateFrameworks/CommerceKit.framework/Versions/A/Frameworks/CommerceCore.framework/Versions/A/CommerceCore
0x00000000047b7000 	/System/Library/PrivateFrameworks/SystemAdministration.framework/Versions/A/SystemAdministration
0x00000000047b7000 	/System/Library/Frameworks/DirectoryService.framework/Versions/A/DirectoryService
0x00000000047b7000 	/System/Library/PrivateFrameworks/DiskImages.framework/Versions/A/DiskImages
0x00000000047b7000 	/System/Library/PrivateFrameworks/LoginUIKit.framework/Versions/A/Frameworks/LoginUICore.framework/Versions/A/LoginUICore
0x00000000047b7000 	/usr/lib/libCoreStorage.dylib
0x00000000047b7000 	/usr/lib/libcsfde.dylib
0x00000000047b7000 	/usr/lib/libodfde.dylib
0x00000000047b7000 	/System/Library/Frameworks/DiscRecording.framework/Versions/A/DiscRecording
0x00000000047b7000 	/usr/lib/libcurl.4.dylib
0x00000000047b7000 	/System/Library/PrivateFrameworks/MediaKit.framework/Versions/A/MediaKit
0x00000000047b7000 	/System/Library/PrivateFrameworks/EFILogin.framework/Versions/A/EFILogin
0x00000000047b7000 	/usr/lib/libutil.dylib
0x00000000047b7000 	/System/Library/PrivateFrameworks/AOSNotification.framework/Versions/A/AOSNotification
0x00000000047b7000 	/System/Library/Frameworks/LDAP.framework/Versions/A/LDAP
0x00000000047b7000 	/usr/lib/libsasl2.2.dylib
0x00000000047b7000 	/usr/lib/libcrypto.0.9.8.dylib
0x00000000047b7000 	/usr/lib/libssl.0.9.8.dylib
0x000000011d1e6000 	/Library/Java/JavaVirtualMachines/jdk1.7.0_51.jdk/Contents/Home/jre/lib/libfontmanager.dylib
0x000000011d24d000 	/private/var/folders/r0/c0st554s77z_98v0dsqbcgj40000gn/T/libgdxFrank/75260a42/liblwjgl.jnilib
0x000000011aa0e000 	/Library/Java/JavaVirtualMachines/jdk1.7.0_51.jdk/Contents/Home/jre/lib/libjawt.dylib
0x000000011d2c8000 	/var/folders/r0/c0st554s77z_98v0dsqbcgj40000gn/T/libgdxFrank/75260a42/openal.dylib
0x000000011d324000 	/System/Library/Components/CoreAudio.component/Contents/MacOS/CoreAudio
0x000000011b81c000 	/System/Library/Extensions/AppleHDA.kext/Contents/PlugIns/AppleHDAHALPlugIn.bundle/Contents/MacOS/AppleHDAHALPlugIn
0x000000011d773000 	/System/Library/Frameworks/OpenGL.framework/Resources/GLEngine.bundle/GLEngine
0x00000000047b7000 	/System/Library/Frameworks/OpenGL.framework/Versions/A/Libraries/libGLProgrammability.dylib
0x0000000000000000 	/System/Library/Extensions/AppleIntelHD4000GraphicsGLDriver.bundle/Contents/MacOS/AppleIntelHD4000GraphicsGLDriver
0x00000000047b7000 	/System/Library/PrivateFrameworks/IOAccelerator.framework/Versions/A/IOAccelerator
0x00000000047b7000 	/System/Library/PrivateFrameworks/GPUSupport.framework/Versions/A/Libraries/libGPUSupportMercury.dylib
0x000000011dd4e000 	/System/Library/Frameworks/OpenGL.framework/Resources//GLRendererFloat.bundle/GLRendererFloat
0x00000000047b7000 	/System/Library/Frameworks/OpenCL.framework/Versions/A/Libraries/libcldcpuengine.dylib
0x000000011e914000 	/private/var/folders/r0/c0st554s77z_98v0dsqbcgj40000gn/T/libgdxFrank/d4d45008/libgdx-freetype.dylib

VM Arguments:
jvm_args: -Dfile.encoding=US-ASCII 
java_command: com.binlab.wordrow.Main
Launcher Type: SUN_STANDARD

Environment Variables:
PATH=/usr/bin:/bin:/usr/sbin:/sbin
SHELL=/bin/bash

Signal Handlers:
SIGSEGV: [libjvm.dylib+0x525425], sa_mask[0]=0xfffefeff, sa_flags=0x00000043
SIGBUS: [libjvm.dylib+0x525425], sa_mask[0]=0xfffefeff, sa_flags=0x00000042
SIGFPE: [libjvm.dylib+0x41892a], sa_mask[0]=0xfffefeff, sa_flags=0x00000042
SIGPIPE: [libjvm.dylib+0x41892a], sa_mask[0]=0xfffefeff, sa_flags=0x00000042
SIGXFSZ: [libjvm.dylib+0x41892a], sa_mask[0]=0xfffefeff, sa_flags=0x00000042
SIGILL: [libjvm.dylib+0x41892a], sa_mask[0]=0xfffefeff, sa_flags=0x00000042
SIGUSR1: SIG_DFL, sa_mask[0]=0x00000000, sa_flags=0x00000002
SIGUSR2: [libjvm.dylib+0x41841c], sa_mask[0]=0x00000004, sa_flags=0x00000042
SIGHUP: [libjvm.dylib+0x4166ab], sa_mask[0]=0xfffefeff, sa_flags=0x00000042
SIGINT: [libjvm.dylib+0x4166ab], sa_mask[0]=0xfffefeff, sa_flags=0x00000042
SIGTERM: [libjvm.dylib+0x4166ab], sa_mask[0]=0xfffefeff, sa_flags=0x00000042
SIGQUIT: [libjvm.dylib+0x4166ab], sa_mask[0]=0xfffefeff, sa_flags=0x00000042


---------------  S Y S T E M  ---------------

OS:Bsduname:Darwin 13.2.0 Darwin Kernel Version 13.2.0: Thu Apr 17 23:03:13 PDT 2014; root:xnu-2422.100.13~1/RELEASE_X86_64 x86_64
rlimit: STACK 8192k, CORE 0k, NPROC 709, NOFILE 10240, AS infinity
load average:2.82 1.92 1.84

CPU:total 4 (2 cores per cpu, 2 threads per core) family 6 model 58 stepping 9, cmov, cx8, fxsr, mmx, sse, sse2, sse3, ssse3, sse4.1, sse4.2, popcnt, avx, aes, erms, ht, tsc, tscinvbit, tscinv

Memory: 4k page, physical 8388608k(2097152k free)

/proc/meminfo:


vm_info: Java HotSpot(TM) 64-Bit Server VM (24.51-b03) for bsd-amd64 JRE (1.7.0_51-b13), built on Dec 18 2013 18:45:56 by "java_re" with gcc 4.2.1 (Based on Apple Inc. build 5658) (LLVM build 2336.11.00)

time: Fri May 23 18:02:39 2014
elapsed time: 4 seconds

